Flow report for AP9
Fri Jun 07 11:19:59 2013
Quartus II 32-bit Version 11.1 Build 173 11/01/2011 SJ Web Edition


---------------------
; Table of Contents ;
---------------------
  1. Legal Notice
  2. Flow Summary
  3. Flow Settings
  4. Flow Non-Default Global Settings
  5. Flow Elapsed Time
  6. Flow OS Summary
  7. Flow Log



----------------
; Legal Notice ;
----------------
Copyright (C) 1991-2011 Altera Corporation
Your use of Altera Corporation's design tools, logic functions 
and other software and tools, and its AMPP partner logic 
functions, and any output files from any of the foregoing 
(including device programming or simulation files), and any 
associated documentation or information are expressly subject 
to the terms and conditions of the Altera Program License 
Subscription Agreement, Altera MegaCore Function License 
Agreement, or other applicable license agreement, including, 
without limitation, that your use is for the sole purpose of 
programming logic devices manufactured by Altera and sold by 
Altera or its authorized distributors.  Please refer to the 
applicable agreement for further details.



+-------------------------------------------------------------------------------+
; Flow Summary                                                                  ;
+------------------------------------+------------------------------------------+
; Flow Status                        ; Successful - Fri Jun 07 11:19:59 2013    ;
; Quartus II 32-bit Version          ; 11.1 Build 173 11/01/2011 SJ Web Edition ;
; Revision Name                      ; AP9                                      ;
; Top-level Entity Name              ; AP9                                      ;
; Family                             ; Cyclone II                               ;
; Device                             ; EP2C70F896C6                             ;
; Timing Models                      ; Final                                    ;
; Total logic elements               ; 2,197 / 68,416 ( 3 % )                   ;
;     Total combinational functions  ; 2,097 / 68,416 ( 3 % )                   ;
;     Dedicated logic registers      ; 632 / 68,416 ( < 1 % )                   ;
; Total registers                    ; 632                                      ;
; Total pins                         ; 69 / 622 ( 11 % )                        ;
; Total virtual pins                 ; 0                                        ;
; Total memory bits                  ; 946,176 / 1,152,000 ( 82 % )             ;
; Embedded Multiplier 9-bit elements ; 0 / 300 ( 0 % )                          ;
; Total PLLs                         ; 0 / 4 ( 0 % )                            ;
+------------------------------------+------------------------------------------+


+-----------------------------------------+
; Flow Settings                           ;
+-------------------+---------------------+
; Option            ; Setting             ;
+-------------------+---------------------+
; Start date & time ; 06/06/2013 17:23:16 ;
; Main task         ; Compilation         ;
; Revision Name     ; AP9                 ;
+-------------------+---------------------+


+------------------------------------------------------------------------------------------------------------------------+
; Flow Non-Default Global Settings                                                                                       ;
+-------------------------------------+---------------------------------------+---------------+-------------+------------+
; Assignment Name                     ; Value                                 ; Default Value ; Entity Name ; Section Id ;
+-------------------------------------+---------------------------------------+---------------+-------------+------------+
; BLOCK_DESIGN_NAMING                 ; QuartusII                             ; Auto          ; --          ; --         ;
; COMPILER_SIGNATURE_ID               ; 123471077512.137055019304844          ; --            ; --          ; --         ;
; IP_TOOL_NAME                        ; ROM: 1-PORT                           ; --            ; --          ; --         ;
; IP_TOOL_NAME                        ; RAM: 1-PORT                           ; --            ; --          ; --         ;
; IP_TOOL_VERSION                     ; 10.1                                  ; --            ; --          ; --         ;
; IP_TOOL_VERSION                     ; 10.1                                  ; --            ; --          ; --         ;
; MAX_CORE_JUNCTION_TEMP              ; 85                                    ; --            ; --          ; --         ;
; MIN_CORE_JUNCTION_TEMP              ; 0                                     ; --            ; --          ; --         ;
; MISC_FILE                           ; lpm_rom0.bsf                          ; --            ; --          ; --         ;
; MISC_FILE                           ; lpm_rom0.cmp                          ; --            ; --          ; --         ;
; MISC_FILE                           ; /home/comodo/Desktop/AP9_NEW/AP9.dpf  ; --            ; --          ; --         ;
; MISC_FILE                           ; RAM.bsf                               ; --            ; --          ; --         ;
; MISC_FILE                           ; RAM.cmp                               ; --            ; --          ; --         ;
; PARTITION_COLOR                     ; 16764057                              ; --            ; --          ; Top        ;
; PARTITION_FITTER_PRESERVATION_LEVEL ; PLACEMENT_AND_ROUTING                 ; --            ; --          ; Top        ;
; PARTITION_NETLIST_TYPE              ; SOURCE                                ; --            ; --          ; Top        ;
; POWER_BOARD_THERMAL_MODEL           ; None (CONSERVATIVE)                   ; --            ; --          ; --         ;
; POWER_PRESET_COOLING_SOLUTION       ; 23 MM HEAT SINK WITH 200 LFPM AIRFLOW ; --            ; --          ; --         ;
; SMART_RECOMPILE                     ; On                                    ; Off           ; --          ; --         ;
+-------------------------------------+---------------------------------------+---------------+-------------+------------+


+-------------------------------------------------------------------------------------------------------------------------------+
; Flow Elapsed Time                                                                                                             ;
+---------------------------+--------------+-------------------------+---------------------+------------------------------------+
; Module Name               ; Elapsed Time ; Average Processors Used ; Peak Virtual Memory ; Total CPU Time (on all processors) ;
+---------------------------+--------------+-------------------------+---------------------+------------------------------------+
; Analysis & Synthesis      ; 00:01:09     ; 1.0                     ; 378 MB              ; 00:00:59                           ;
; Fitter                    ; 00:00:55     ; 1.0                     ; 489 MB              ; 00:00:48                           ;
; Assembler                 ; 00:00:18     ; 1.0                     ; 408 MB              ; 00:00:10                           ;
; TimeQuest Timing Analyzer ; 00:00:32     ; 1.0                     ; 339 MB              ; 00:00:17                           ;
; MIF/HEX Update            ; 00:00:07     ; 1.0                     ; 291 MB              ; 00:00:05                           ;
; Assembler                 ; 00:00:11     ; 1.0                     ; 409 MB              ; 00:00:10                           ;
; MIF/HEX Update            ; 00:00:05     ; 1.0                     ; 291 MB              ; 00:00:05                           ;
; Assembler                 ; 00:00:13     ; 1.0                     ; 409 MB              ; 00:00:10                           ;
; Total                     ; 00:03:30     ; --                      ; --                  ; 00:02:44                           ;
+---------------------------+--------------+-------------------------+---------------------+------------------------------------+


+----------------------------------------------------------------------------------------+
; Flow OS Summary                                                                        ;
+---------------------------+------------------+-----------+------------+----------------+
; Module Name               ; Machine Hostname ; OS Name   ; OS Version ; Processor type ;
+---------------------------+------------------+-----------+------------+----------------+
; Analysis & Synthesis      ; Laprele          ; Windows 7 ; 6.1        ; x86_64         ;
; Fitter                    ; Laprele          ; Windows 7 ; 6.1        ; x86_64         ;
; Assembler                 ; Laprele          ; Windows 7 ; 6.1        ; x86_64         ;
; TimeQuest Timing Analyzer ; Laprele          ; Windows 7 ; 6.1        ; x86_64         ;
; MIF/HEX Update            ; Laprele          ; Windows 7 ; 6.1        ; x86_64         ;
; Assembler                 ; Laprele          ; Windows 7 ; 6.1        ; x86_64         ;
; MIF/HEX Update            ; Laprele          ; Windows 7 ; 6.1        ; x86_64         ;
; Assembler                 ; Laprele          ; Windows 7 ; 6.1        ; x86_64         ;
+---------------------------+------------------+-----------+------------+----------------+


------------
; Flow Log ;
------------
quartus_map --read_settings_files=on --write_settings_files=off AP9 -c AP9
quartus_fit --read_settings_files=off --write_settings_files=off AP9 -c AP9
quartus_asm --read_settings_files=off --write_settings_files=off AP9 -c AP9
quartus_sta AP9 -c AP9
quartus_cdb AP9 -c AP9 --update_mif
quartus_asm --read_settings_files=on --write_settings_files=off AP9 -c AP9
quartus_cdb AP9 -c AP9 --update_mif
quartus_asm --read_settings_files=on --write_settings_files=off AP9 -c AP9



