MIF/HEX Update report for AP9
Thu Sep 17 13:17:17 2015
Quartus II 64-Bit Version 13.0.1 Build 232 06/12/2013 Service Pack 1 SJ Web Edition


---------------------
; Table of Contents ;
---------------------
  1. Legal Notice
  2. MIF/HEX Update Summary
  3. MIF/HEX Update Processed Files
  4. MIF/HEX Update Messages



----------------
; Legal Notice ;
----------------
Copyright (C) 1991-2013 Altera Corporation
Your use of Altera Corporation's design tools, logic functions 
and other software and tools, and its AMPP partner logic 
functions, and any output files from any of the foregoing 
(including device programming or simulation files), and any 
associated documentation or information are expressly subject 
to the terms and conditions of the Altera Program License 
Subscription Agreement, Altera MegaCore Function License 
Agreement, or other applicable license agreement, including, 
without limitation, that your use is for the sole purpose of 
programming logic devices manufactured by Altera and sold by 
Altera or its authorized distributors.  Please refer to the 
applicable agreement for further details.



+---------------------------------------------------------------+
; MIF/HEX Update Summary                                        ;
+-----------------------+---------------------------------------+
; MIF/HEX Update Status ; Successful - Thu Sep 17 13:17:17 2015 ;
; Revision Name         ; AP9                                   ;
; Top-level Entity Name ; AP9                                   ;
; Family                ; Cyclone II                            ;
; Device                ; EP2C70F896C6                          ;
+-----------------------+---------------------------------------+


+----------------------------------------------------------------------+
; MIF/HEX Update Processed Files                                       ;
+----------------------------------------------------------------------+
; File Name                                                            ;
+----------------------------------------------------------------------+
; C:/Users/Marcelo/OneDrive/USP/USP_IC/AP9_com_PWM/charmap.mif         ;
; C:/Users/Marcelo/OneDrive/USP/USP_IC/AP9_com_PWM/cpuram.mif          ;
; C:/Users/Marcelo/OneDrive/USP/USP_IC/AP9_com_PWM/db/ap9.ap90.rtl.mif ;
; C:/Users/Marcelo/OneDrive/USP/USP_IC/AP9_com_PWM/video_mem1.mif      ;
; C:/Users/Marcelo/OneDrive/USP/USP_IC/AP9_com_PWM/video_mem2.mif      ;
+----------------------------------------------------------------------+


+-------------------------+
; MIF/HEX Update Messages ;
+-------------------------+
Info: *******************************************************************
Info: Running Quartus II 64-Bit MIF/HEX Update
    Info: Version 13.0.1 Build 232 06/12/2013 Service Pack 1 SJ Web Edition
    Info: Processing started: Thu Sep 17 13:17:14 2015
Info: Command: quartus_cdb AP9 -c AP9 --update_mif
Warning (125092): Tcl Script File ../../ProcUktimaVersao/ProcessadorRegsVariables_SemInstrucoesUltima1/lpm_mux1.qip not found
    Info (125063): set_global_assignment -name QIP_FILE ../../ProcUktimaVersao/ProcessadorRegsVariables_SemInstrucoesUltima1/lpm_mux1.qip
Info (39024): Processed the following Memory Initialization File(s)
    Info (39025): Processed Memory Initialization File C:/Users/Marcelo/OneDrive/USP/USP_IC/AP9_com_PWM/charmap.mif
    Info (39025): Processed Memory Initialization File C:/Users/Marcelo/OneDrive/USP/USP_IC/AP9_com_PWM/cpuram.mif
    Info (39025): Processed Memory Initialization File C:/Users/Marcelo/OneDrive/USP/USP_IC/AP9_com_PWM/db/ap9.ap90.rtl.mif
    Info (39025): Processed Memory Initialization File C:/Users/Marcelo/OneDrive/USP/USP_IC/AP9_com_PWM/video_mem1.mif
    Info (39025): Processed Memory Initialization File C:/Users/Marcelo/OneDrive/USP/USP_IC/AP9_com_PWM/video_mem2.mif
Info: Quartus II 64-Bit MIF/HEX Update was successful. 0 errors, 1 warning
    Info: Peak virtual memory: 536 megabytes
    Info: Processing ended: Thu Sep 17 13:17:17 2015
    Info: Elapsed time: 00:00:03
    Info: Total CPU time (on all processors): 00:00:03


